[14/1/2024 22:57:16] Client is starting
[14/1/2024 22:57:19] Client is connected successfully
[14/1/2024 22:57:21] Received create command
[14/1/2024 22:57:21] Received room creation event
[14/1/2024 22:57:22] Received start command
[14/1/2024 22:57:22] Window created
[14/1/2024 22:57:22] Received high score
[14/1/2024 22:57:29] Received death event
[14/1/2024 22:57:29] Received death event
[14/1/2024 22:57:29] Received death event
[14/1/2024 22:57:30] Received death event
[14/1/2024 22:57:30] Received death event
[14/1/2024 22:57:31] Received death event
[14/1/2024 22:57:31] Received death event
[14/1/2024 22:57:32] Received death event
[14/1/2024 22:57:32] Received death event
[14/1/2024 22:57:32] Received death event
[14/1/2024 22:57:33] Received death event
[14/1/2024 22:57:35] Received death event
[14/1/2024 22:57:35] Received death event
[14/1/2024 22:57:35] Received death event
[14/1/2024 22:57:36] Received death event
[14/1/2024 22:57:38] Received death event
[14/1/2024 22:57:40] Received death event
[14/1/2024 22:57:40] Received death event
[14/1/2024 22:57:41] Client is stopping
